Case #1: our language is impossible to understand
Case #2: there are twenty six factorial possibilities
Case #3: so it is okay if you want to just give up
Case #4: xoggk d yl wxo vkkvgo ekso uyl wonw sywy
Case #5: xkf yto akj
Case #6: yabba dabba yabba dabba yabba dabba yabba dabba yabba dabba yabba dabba yabba dabba yabba dooooooooo
Case #7: a b c d e f g h i j k l m n o p q r s t u v y w x y z now i know my abcs
Case #8: next time wont you sing with me
Case #9: an eye for an eye and a pigeon for a pigeon
Case #10: swift as the wind quiet as the forest steady as the mountain
Case #11: my name is dug i have just met you and i looove you
Case #12: now is the summer of our lack of discontent
Case #13: our code jam is like the pythagorean theorem
Case #14: there is no answer
Case #15: how are you holding up because im a potato
Case #16: now that you know googlerese please do not use it to hack into our systems
Case #17: translating text is not goros strength
Case #18: strength is goros strength
Case #19: f of two equals f of one equals one
Case #20: for i between three and n f of i equals f of i minus one plus f of i minus two
Case #21: oh yeah alright were gonna shake it up with the party bear tonight
Case #22: friends dont let friends let scientific progress go boink
Case #23: by the pricking of my thumbs something wicked this way comes
Case #24: for those who speak in a tongue do not speak to other people
Case #25: nobody understands them since they are speaking mysteries in the spirit
Case #26: right i forgot here in the states you call it a sausage in the mouth
Case #27: thank you but the real googlerese is in another castle
Case #28: im commander shepard and this is my favorite problem on the google code jam
Case #29: oh hai im in ur computer eating your cheezburgers and googleresing your textz
Case #30: greetings cheese popsicle the number you have dialed is currently out of porkchops
